c:\users\chrallenbac\onedrive - education vaud\fichiers de luc derré - prog_pj-loto\prog_pj-loto_lde-lmy-cah\prog_pj-loto_lde-lmy-cah\x64\debug\vc143.pdb
c:\users\chrallenbac\onedrive - education vaud\fichiers de luc derré - prog_pj-loto\prog_pj-loto_lde-lmy-cah\prog_pj-loto_lde-lmy-cah\x64\debug\vc143.idb
c:\users\chrallenbac\onedrive - education vaud\fichiers de luc derré - prog_pj-loto\prog_pj-loto_lde-lmy-cah\prog_pj-loto_lde-lmy-cah\x64\debug\gestionloto.obj
c:\users\chrallenbac\onedrive - education vaud\fichiers de luc derré - prog_pj-loto\prog_pj-loto_lde-lmy-cah\prog_pj-loto_lde-lmy-cah\x64\debug\prog_pj-loto_main.obj
c:\users\chrallenbac\onedrive - education vaud\fichiers de luc derré - prog_pj-loto\prog_pj-loto_lde-lmy-cah\prog_pj-loto_lde-lmy-cah\x64\debug\lotorules.obj
c:\users\chrallenbac\onedrive - education vaud\fichiers de luc derré - prog_pj-loto\prog_pj-loto_lde-lmy-cah\prog_pj-loto_lde-lmy-cah\x64\debug\gestionvaleurlotogagnante.obj
c:\users\chrallenbac\onedrive - education vaud\fichiers de luc derré - prog_pj-loto\prog_pj-loto_lde-lmy-cah\prog_pj-loto_lde-lmy-cah\x64\debug\gestionaffichage.obj
c:\users\chrallenbac\onedrive - education vaud\fichiers de luc derré - prog_pj-loto\prog_pj-loto_lde-lmy-cah\x64\debug\prog_pj-loto_lde-lmy-cah.exe
c:\users\chrallenbac\onedrive - education vaud\fichiers de luc derré - prog_pj-loto\prog_pj-loto_lde-lmy-cah\prog_pj-loto_lde-lmy-cah\x64\debug\prog_pj-loto_lde-lmy-cah.ilk
c:\users\chrallenbac\onedrive - education vaud\fichiers de luc derré - prog_pj-loto\prog_pj-loto_lde-lmy-cah\x64\debug\prog_pj-loto_lde-lmy-cah.pdb
c:\users\chrallenbac\onedrive - education vaud\fichiers de luc derré - prog_pj-loto\prog_pj-loto_lde-lmy-cah\prog_pj-loto_lde-lmy-cah\x64\debug\gestionfile.obj
c:\users\chrallenbac\onedrive - education vaud\fichiers de luc derré - prog_pj-loto\prog_pj-loto_lde-lmy-cah\prog_pj-loto_lde-lmy-cah\x64\debug\tempo.obj
c:\users\chrallenbac\onedrive - education vaud\fichiers de luc derré - prog_pj-loto\prog_pj-loto_lde-lmy-cah\prog_pj-loto_lde-lmy-cah\x64\debug\lotorules.obj.enc
c:\users\chrallenbac\onedrive - education vaud\fichiers de luc derré - prog_pj-loto\prog_pj-loto_lde-lmy-cah\prog_pj-loto_lde-lmy-cah\x64\debug\prog_pj-loto_main.obj.enc
c:\users\chrallenbac\onedrive - education vaud\fichiers de luc derré - prog_pj-loto\prog_pj-loto_lde-lmy-cah\prog_pj-loto_lde-lmy-cah\x64\debug\prog_pj-.400db5ba.tlog\cl.command.1.tlog
c:\users\chrallenbac\onedrive - education vaud\fichiers de luc derré - prog_pj-loto\prog_pj-loto_lde-lmy-cah\prog_pj-loto_lde-lmy-cah\x64\debug\prog_pj-.400db5ba.tlog\cl.read.1.tlog
c:\users\chrallenbac\onedrive - education vaud\fichiers de luc derré - prog_pj-loto\prog_pj-loto_lde-lmy-cah\prog_pj-loto_lde-lmy-cah\x64\debug\prog_pj-.400db5ba.tlog\cl.write.1.tlog
c:\users\chrallenbac\onedrive - education vaud\fichiers de luc derré - prog_pj-loto\prog_pj-loto_lde-lmy-cah\prog_pj-loto_lde-lmy-cah\x64\debug\prog_pj-.400db5ba.tlog\link.command.1.tlog
c:\users\chrallenbac\onedrive - education vaud\fichiers de luc derré - prog_pj-loto\prog_pj-loto_lde-lmy-cah\prog_pj-loto_lde-lmy-cah\x64\debug\prog_pj-.400db5ba.tlog\link.read.1.tlog
c:\users\chrallenbac\onedrive - education vaud\fichiers de luc derré - prog_pj-loto\prog_pj-loto_lde-lmy-cah\prog_pj-loto_lde-lmy-cah\x64\debug\prog_pj-.400db5ba.tlog\link.write.1.tlog
